# JRE version: OpenJDK Runtime Environment JBR-17.0.9+7-1087.3-nomod (17.0.9+7) (build 17.0.9+7-b1087.3)
# Java VM: OpenJDK 64-Bit Server VM JBR-17.0.9+7-1087.3-nomod (17.0.9+7-b1087.3, mixed mode, tiered, compressed oops, compressed class ptrs, g1 gc, windows-amd64)
GC Precious Log:
 CPUs: 12 total, 12 available
 Memory: 16177M
 Large Page Support: Disabled
 NUMA Support: Disabled
 Compressed Oops: Enabled (Zero based)
 Heap Region Size: 2M
 Heap Min Capacity: 8M
 Heap Initial Capacity: 254M
 Heap Max Capacity: 4046M
 Pre-touch: Disabled
 Parallel Workers: 10
 Concurrent Workers: 3
 Concurrent Refinement Workers: 10
 Periodic GC: Disabled
Heap:
 garbage-first heap   total 147456K, used 72469K [0x0000000703200000, 0x0000000800000000)
  region size 2048K, 33 young (67584K), 1 survivors (2048K)
 Metaspace       used 28984K, committed 29248K, reserved 1114112K
  class space    used 3244K, committed 3392K, reserved 1048576K
GC Heap History (12 events):
Event: 0.434 GC heap before
{Heap before GC invocations=0 (full 0):
 garbage-first heap   total 260096K, used 22528K [0x0000000703200000, 0x0000000800000000)
  region size 2048K, 11 young (22528K), 0 survivors (0K)
 Metaspace       used 14546K, committed 14720K, reserved 1114112K
  class space    used 1506K, committed 1600K, reserved 1048576K
}
Event: 0.437 GC heap after
{Heap after GC invocations=1 (full 0):
 garbage-first heap   total 260096K, used 3904K [0x0000000703200000, 0x0000000800000000)
  region size 2048K, 2 young (4096K), 2 survivors (4096K)
 Metaspace       used 14546K, committed 14720K, reserved 1114112K
  class space    used 1506K, committed 1600K, reserved 1048576K
}
Event: 0.726 GC heap before
{Heap before GC invocations=1 (full 0):
 garbage-first heap   total 260096K, used 36672K [0x0000000703200000, 0x0000000800000000)
  region size 2048K, 18 young (36864K), 2 survivors (4096K)
 Metaspace       used 19142K, committed 19264K, reserved 1114112K
  class space    used 2107K, committed 2176K, reserved 1048576K
}
Event: 0.729 GC heap after
{Heap after GC invocations=2 (full 0):
 garbage-first heap   total 260096K, used 5667K [0x0000000703200000, 0x0000000800000000)
  region size 2048K, 1 young (2048K), 1 survivors (2048K)
 Metaspace       used 19142K, committed 19264K, reserved 1114112K
  class space    used 2107K, committed 2176K, reserved 1048576K
}
Event: 0.889 GC heap before
{Heap before GC invocations=2 (full 0):
 garbage-first heap   total 260096K, used 17955K [0x0000000703200000, 0x0000000800000000)
  region size 2048K, 8 young (16384K), 1 survivors (2048K)
 Metaspace       used 21379K, committed 21504K, reserved 1114112K
  class space    used 2432K, committed 2496K, reserved 1048576K
}
Event: 0.891 GC heap after
{Heap after GC invocations=3 (full 0):
 garbage-first heap   total 260096K, used 6543K [0x0000000703200000, 0x0000000800000000)
  region size 2048K, 2 young (4096K), 2 survivors (4096K)
 Metaspace       used 21379K, committed 21504K, reserved 1114112K
  class space    used 2432K, committed 2496K, reserved 1048576K
}
Event: 1.104 GC heap before
{Heap before GC invocations=4 (full 0):
 garbage-first heap   total 34816K, used 22927K [0x0000000703200000, 0x0000000800000000)
  region size 2048K, 11 young (22528K), 2 survivors (4096K)
 Metaspace       used 24789K, committed 25024K, reserved 1114112K
  class space    used 2779K, committed 2880K, reserved 1048576K
}
Event: 1.107 GC heap after
{Heap after GC invocations=5 (full 0):
 garbage-first heap   total 34816K, used 8599K [0x0000000703200000, 0x0000000800000000)
  region size 2048K, 3 young (6144K), 3 survivors (6144K)
 Metaspace       used 24789K, committed 25024K, reserved 1114112K
  class space    used 2779K, committed 2880K, reserved 1048576K
}
Event: 1.129 GC heap before
{Heap before GC invocations=5 (full 0):
 garbage-first heap   total 34816K, used 8599K [0x0000000703200000, 0x0000000800000000)
  region size 2048K, 4 young (8192K), 3 survivors (6144K)
 Metaspace       used 24936K, committed 25088K, reserved 1114112K
  class space    used 2797K, committed 2880K, reserved 1048576K
}
Event: 1.133 GC heap after
{Heap after GC invocations=6 (full 0):
 garbage-first heap   total 34816K, used 9006K [0x0000000703200000, 0x0000000800000000)
  region size 2048K, 1 young (2048K), 1 survivors (2048K)
 Metaspace       used 24936K, committed 25088K, reserved 1114112K
  class space    used 2797K, committed 2880K, reserved 1048576K
}
Event: 1.242 GC heap before
{Heap before GC invocations=6 (full 0):
 garbage-first heap   total 34816K, used 23342K [0x0000000703200000, 0x0000000800000000)
  region size 2048K, 8 young (16384K), 1 survivors (2048K)
 Metaspace       used 25525K, committed 25728K, reserved 1114112K
  class space    used 2853K, committed 2944K, reserved 1048576K
}
Event: 1.244 GC heap after
{Heap after GC invocations=7 (full 0):
 garbage-first heap   total 147456K, used 8981K [0x0000000703200000, 0x0000000800000000)
  region size 2048K, 1 young (2048K), 1 survivors (2048K)
 Metaspace       used 25525K, committed 25728K, reserved 1114112K
  class space    used 2853K, committed 2944K, reserved 1048576K
}

